#! /c/Source/iverilog-install/bin/vvp
:ivl_version "12.0 (devel)" "(s20150603-1539-g2693dd32b)";
:ivl_delay_selection "TYPICAL";
:vpi_time_precision + 0;
:vpi_module "C:\iverilog\lib\ivl\system.vpi";
:vpi_module "C:\iverilog\lib\ivl\vhdl_sys.vpi";
:vpi_module "C:\iverilog\lib\ivl\vhdl_textio.vpi";
:vpi_module "C:\iverilog\lib\ivl\v2005_math.vpi";
:vpi_module "C:\iverilog\lib\ivl\va_math.vpi";
S_00000287dd0f2830 .scope module, "alu" "alu" 2 1;
 .timescale 0 0;
    .port_info 0 /INPUT 32 "op1";
    .port_info 1 /INPUT 32 "op2";
    .port_info 2 /INPUT 6 "selection";
    .port_info 3 /OUTPUT 1 "zero";
    .port_info 4 /OUTPUT 32 "result";
o00000287dd128fd8 .functor BUFZ 32, C4<zzzzzzzzzzzzzzzzzzzzzzzzzzzzzzzz>; HiZ drive
v00000287dd0f2ed0_0 .net "op1", 31 0, o00000287dd128fd8;  0 drivers
o00000287dd129008 .functor BUFZ 32, C4<zzzzzzzzzzzzzzzzzzzzzzzzzzzzzzzz>; HiZ drive
v00000287dd0dbe40_0 .net "op2", 31 0, o00000287dd129008;  0 drivers
v00000287dd0f29c0_0 .var "result", 31 0;
o00000287dd129068 .functor BUFZ 6, C4<zzzzzz>; HiZ drive
v00000287dd0f2a60_0 .net "selection", 5 0, o00000287dd129068;  0 drivers
v00000287dd0f2b00_0 .var "zero", 0 0;
E_00000287dd0d9510 .event anyedge, v00000287dd0f2a60_0, v00000287dd0f2ed0_0, v00000287dd0dbe40_0, v00000287dd0f29c0_0;
    .scope S_00000287dd0f2830;
T_0 ;
    %wait E_00000287dd0d9510;
    %load/vec4 v00000287dd0f2a60_0;
    %dup/vec4;
    %pushi/vec4 32, 0, 6;
    %cmp/u;
    %jmp/1 T_0.0, 6;
    %dup/vec4;
    %pushi/vec4 34, 0, 6;
    %cmp/u;
    %jmp/1 T_0.1, 6;
    %dup/vec4;
    %pushi/vec4 36, 0, 6;
    %cmp/u;
    %jmp/1 T_0.2, 6;
    %dup/vec4;
    %pushi/vec4 37, 0, 6;
    %cmp/u;
    %jmp/1 T_0.3, 6;
    %dup/vec4;
    %pushi/vec4 39, 0, 6;
    %cmp/u;
    %jmp/1 T_0.4, 6;
    %dup/vec4;
    %pushi/vec4 42, 0, 6;
    %cmp/u;
    %jmp/1 T_0.5, 6;
    %dup/vec4;
    %pushi/vec4 38, 0, 6;
    %cmp/u;
    %jmp/1 T_0.6, 6;
    %dup/vec4;
    %pushi/vec4 8, 0, 6;
    %cmp/u;
    %jmp/1 T_0.7, 6;
    %dup/vec4;
    %pushi/vec4 12, 0, 6;
    %cmp/u;
    %jmp/1 T_0.8, 6;
    %dup/vec4;
    %pushi/vec4 35, 0, 6;
    %cmp/u;
    %jmp/1 T_0.9, 6;
    %dup/vec4;
    %pushi/vec4 43, 0, 6;
    %cmp/u;
    %jmp/1 T_0.10, 6;
    %dup/vec4;
    %pushi/vec4 4, 0, 6;
    %cmp/u;
    %jmp/1 T_0.11, 6;
    %load/vec4 v00000287dd0f2ed0_0;
    %load/vec4 v00000287dd0dbe40_0;
    %add;
    %assign/vec4 v00000287dd0f29c0_0, 0;
    %jmp T_0.13;
T_0.0 ;
    %load/vec4 v00000287dd0f2ed0_0;
    %load/vec4 v00000287dd0dbe40_0;
    %add;
    %assign/vec4 v00000287dd0f29c0_0, 0;
    %load/vec4 v00000287dd0f29c0_0;
    %pushi/vec4 0, 0, 32;
    %cmp/e;
    %flag_get/vec4 4;
    %assign/vec4 v00000287dd0f2b00_0, 0;
    %jmp T_0.13;
T_0.1 ;
    %load/vec4 v00000287dd0f2ed0_0;
    %load/vec4 v00000287dd0dbe40_0;
    %sub;
    %assign/vec4 v00000287dd0f29c0_0, 0;
    %jmp T_0.13;
T_0.2 ;
    %load/vec4 v00000287dd0f2ed0_0;
    %load/vec4 v00000287dd0dbe40_0;
    %and;
    %assign/vec4 v00000287dd0f29c0_0, 0;
    %jmp T_0.13;
T_0.3 ;
    %load/vec4 v00000287dd0f2ed0_0;
    %load/vec4 v00000287dd0dbe40_0;
    %or;
    %assign/vec4 v00000287dd0f29c0_0, 0;
    %jmp T_0.13;
T_0.4 ;
    %load/vec4 v00000287dd0f2ed0_0;
    %load/vec4 v00000287dd0dbe40_0;
    %or;
    %inv;
    %assign/vec4 v00000287dd0f29c0_0, 0;
    %jmp T_0.13;
T_0.5 ;
    %load/vec4 v00000287dd0f2ed0_0;
    %load/vec4 v00000287dd0dbe40_0;
    %cmp/u;
    %jmp/0xz  T_0.14, 5;
    %pushi/vec4 1, 0, 32;
    %assign/vec4 v00000287dd0f29c0_0, 0;
    %jmp T_0.15;
T_0.14 ;
    %pushi/vec4 0, 0, 32;
    %assign/vec4 v00000287dd0f29c0_0, 0;
T_0.15 ;
    %jmp T_0.13;
T_0.6 ;
    %load/vec4 v00000287dd0f2ed0_0;
    %load/vec4 v00000287dd0dbe40_0;
    %xor;
    %assign/vec4 v00000287dd0f29c0_0, 0;
    %jmp T_0.13;
T_0.7 ;
    %load/vec4 v00000287dd0f2ed0_0;
    %load/vec4 v00000287dd0dbe40_0;
    %add;
    %assign/vec4 v00000287dd0f29c0_0, 0;
    %jmp T_0.13;
T_0.8 ;
    %load/vec4 v00000287dd0f2ed0_0;
    %load/vec4 v00000287dd0dbe40_0;
    %and;
    %assign/vec4 v00000287dd0f29c0_0, 0;
    %jmp T_0.13;
T_0.9 ;
    %load/vec4 v00000287dd0f2ed0_0;
    %load/vec4 v00000287dd0dbe40_0;
    %add;
    %assign/vec4 v00000287dd0f29c0_0, 0;
    %jmp T_0.13;
T_0.10 ;
    %load/vec4 v00000287dd0f2ed0_0;
    %load/vec4 v00000287dd0dbe40_0;
    %add;
    %assign/vec4 v00000287dd0f29c0_0, 0;
    %jmp T_0.13;
T_0.11 ;
    %load/vec4 v00000287dd0f2ed0_0;
    %load/vec4 v00000287dd0dbe40_0;
    %cmp/e;
    %flag_get/vec4 4;
    %pad/u 32;
    %assign/vec4 v00000287dd0f29c0_0, 0;
    %jmp T_0.13;
T_0.13 ;
    %pop/vec4 1;
    %jmp T_0;
    .thread T_0, $push;
# The file index is used to find the file name in the following table.
:file_names 3;
    "N/A";
    "<interactive>";
    "proiect\alu.v";
