#! /c/Source/iverilog-install/bin/vvp
:ivl_version "12.0 (devel)" "(s20150603-1539-g2693dd32b)";
:ivl_delay_selection "TYPICAL";
:vpi_time_precision + 0;
:vpi_module "C:\iverilog\lib\ivl\system.vpi";
:vpi_module "C:\iverilog\lib\ivl\vhdl_sys.vpi";
:vpi_module "C:\iverilog\lib\ivl\vhdl_textio.vpi";
:vpi_module "C:\iverilog\lib\ivl\v2005_math.vpi";
:vpi_module "C:\iverilog\lib\ivl\va_math.vpi";
S_000001ff3f9e2830 .scope module, "alu_controller" "alu_controller" 2 1;
 .timescale 0 0;
    .port_info 0 /INPUT 1 "ALUOp";
    .port_info 1 /INPUT 1 "AluSrc";
    .port_info 2 /INPUT 32 "instruction";
    .port_info 3 /OUTPUT 6 "selection";
o000001ff3fa16fd8 .functor BUFZ 1, C4<z>; HiZ drive
v000001ff3f9e2d80_0 .net "ALUOp", 0 0, o000001ff3fa16fd8;  0 drivers
o000001ff3fa17008 .functor BUFZ 1, C4<z>; HiZ drive
v000001ff3f9e2fa0_0 .net "AluSrc", 0 0, o000001ff3fa17008;  0 drivers
o000001ff3fa17038 .functor BUFZ 32, C4<zzzzzzzzzzzzzzzzzzzzzzzzzzzzzzzz>; HiZ drive
v000001ff3f9e29c0_0 .net "instruction", 31 0, o000001ff3fa17038;  0 drivers
v000001ff3f9e2a60_0 .var "selection", 5 0;
E_000001ff3fbc8a80 .event anyedge, v000001ff3f9e2d80_0, v000001ff3f9e2fa0_0, v000001ff3f9e29c0_0;
    .scope S_000001ff3f9e2830;
T_0 ;
    %wait E_000001ff3fbc8a80;
    %load/vec4 v000001ff3f9e2d80_0;
    %flag_set/vec4 9;
    %flag_get/vec4 9;
    %jmp/0 T_0.2, 9;
    %load/vec4 v000001ff3f9e2fa0_0;
    %pushi/vec4 0, 0, 1;
    %cmp/e;
    %flag_get/vec4 4;
    %and;
T_0.2;
    %flag_set/vec4 8;
    %jmp/0xz  T_0.0, 8;
    %load/vec4 v000001ff3f9e29c0_0;
    %parti/s 6, 0, 2;
    %assign/vec4 v000001ff3f9e2a60_0, 0;
    %jmp T_0.1;
T_0.0 ;
    %load/vec4 v000001ff3f9e2d80_0;
    %flag_set/vec4 9;
    %flag_get/vec4 9;
    %jmp/0 T_0.5, 9;
    %load/vec4 v000001ff3f9e2fa0_0;
    %and;
T_0.5;
    %flag_set/vec4 8;
    %jmp/0xz  T_0.3, 8;
    %load/vec4 v000001ff3f9e29c0_0;
    %parti/s 6, 26, 6;
    %assign/vec4 v000001ff3f9e2a60_0, 0;
    %jmp T_0.4;
T_0.3 ;
    %pushi/vec4 63, 63, 6;
    %assign/vec4 v000001ff3f9e2a60_0, 0;
T_0.4 ;
T_0.1 ;
    %jmp T_0;
    .thread T_0, $push;
# The file index is used to find the file name in the following table.
:file_names 3;
    "N/A";
    "<interactive>";
    "proiect\alu_controller.v";
