#! /c/Source/iverilog-install/bin/vvp
:ivl_version "12.0 (devel)" "(s20150603-1539-g2693dd32b)";
:ivl_delay_selection "TYPICAL";
:vpi_time_precision + 0;
:vpi_module "C:\iverilog\lib\ivl\system.vpi";
:vpi_module "C:\iverilog\lib\ivl\vhdl_sys.vpi";
:vpi_module "C:\iverilog\lib\ivl\vhdl_textio.vpi";
:vpi_module "C:\iverilog\lib\ivl\v2005_math.vpi";
:vpi_module "C:\iverilog\lib\ivl\va_math.vpi";
S_00000286f3b36d20 .scope module, "concat" "concat" 2 1;
 .timescale 0 0;
    .port_info 0 /INPUT 28 "shiftaddr";
    .port_info 1 /INPUT 32 "addr";
    .port_info 2 /OUTPUT 32 "finalAddr";
v00000286f3b03260_0 .net *"_ivl_1", 3 0, L_00000286f3b30ac0;  1 drivers
o00000286f3b36ee8 .functor BUFZ 32, C4<zzzzzzzzzzzzzzzzzzzzzzzzzzzzzzzz>; HiZ drive
v00000286f3b308e0_0 .net "addr", 31 0, o00000286f3b36ee8;  0 drivers
v00000286f3b30980_0 .net "finalAddr", 31 0, L_00000286f3b30b60;  1 drivers
o00000286f3b36f48 .functor BUFZ 28, C4<zzzzzzzzzzzzzzzzzzzzzzzzzzzz>; HiZ drive
v00000286f3b30a20_0 .net "shiftaddr", 27 0, o00000286f3b36f48;  0 drivers
L_00000286f3b30ac0 .part o00000286f3b36ee8, 28, 4;
L_00000286f3b30b60 .concat [ 28 4 0 0], o00000286f3b36f48, L_00000286f3b30ac0;
# The file index is used to find the file name in the following table.
:file_names 3;
    "N/A";
    "<interactive>";
    "proiect\concatenator.v";
