#! /c/Source/iverilog-install/bin/vvp
:ivl_version "12.0 (devel)" "(s20150603-1539-g2693dd32b)";
:ivl_delay_selection "TYPICAL";
:vpi_time_precision + 0;
:vpi_module "C:\iverilog\lib\ivl\system.vpi";
:vpi_module "C:\iverilog\lib\ivl\vhdl_sys.vpi";
:vpi_module "C:\iverilog\lib\ivl\vhdl_textio.vpi";
:vpi_module "C:\iverilog\lib\ivl\v2005_math.vpi";
:vpi_module "C:\iverilog\lib\ivl\va_math.vpi";
S_00000269b88e2830 .scope module, "register_file" "register_file" 2 1;
 .timescale 0 0;
    .port_info 0 /INPUT 1 "clk";
    .port_info 1 /INPUT 5 "regs";
    .port_info 2 /INPUT 5 "regt";
    .port_info 3 /INPUT 5 "regd";
    .port_info 4 /INPUT 1 "regWrite";
    .port_info 5 /INPUT 32 "dataWrite";
    .port_info 6 /OUTPUT 32 "reg1";
    .port_info 7 /OUTPUT 32 "reg2";
o00000269b8916fd8 .functor BUFZ 1, C4<z>; HiZ drive
v00000269b88e3110_0 .net "clk", 0 0, o00000269b8916fd8;  0 drivers
o00000269b8917008 .functor BUFZ 32, C4<zzzzzzzzzzzzzzzzzzzzzzzzzzzzzzzz>; HiZ drive
v00000269b88e29c0_0 .net "dataWrite", 31 0, o00000269b8917008;  0 drivers
v00000269b88e2a60_0 .var "reg1", 31 0;
v00000269b88e2b00_0 .var "reg2", 31 0;
o00000269b8917098 .functor BUFZ 1, C4<z>; HiZ drive
v00000269b876bc80_0 .net "regWrite", 0 0, o00000269b8917098;  0 drivers
o00000269b89170c8 .functor BUFZ 5, C4<zzzzz>; HiZ drive
v00000269b876bd20_0 .net "regd", 4 0, o00000269b89170c8;  0 drivers
v00000269b876bdc0_0 .var "registerMemory", 1023 0;
o00000269b8917128 .functor BUFZ 5, C4<zzzzz>; HiZ drive
v00000269b876be60_0 .net "regs", 4 0, o00000269b8917128;  0 drivers
o00000269b8917158 .functor BUFZ 5, C4<zzzzz>; HiZ drive
v00000269b8913940_0 .net "regt", 4 0, o00000269b8917158;  0 drivers
E_00000269b8916d80 .event posedge, v00000269b88e3110_0;
    .scope S_00000269b88e2830;
T_0 ;
    %wait E_00000269b8916d80;
    %load/vec4 v00000269b876be60_0;
    %cmpi/u 31, 0, 5;
    %flag_or 5, 4;
    %flag_get/vec4 5;
    %jmp/0 T_0.2, 5;
    %load/vec4 v00000269b8913940_0;
    %cmpi/u 31, 0, 5;
    %flag_get/vec4 4;
    %flag_get/vec4 5;
    %or;
    %and;
T_0.2;
    %flag_set/vec4 8;
    %jmp/0xz  T_0.0, 8;
    %load/vec4 v00000269b876bdc0_0;
    %load/vec4 v00000269b876be60_0;
    %pad/u 10;
    %muli 32, 0, 10;
    %part/u 32;
    %assign/vec4 v00000269b88e2a60_0, 0;
    %load/vec4 v00000269b876bdc0_0;
    %load/vec4 v00000269b8913940_0;
    %pad/u 10;
    %muli 32, 0, 10;
    %part/u 32;
    %assign/vec4 v00000269b88e2b00_0, 0;
    %jmp T_0.1;
T_0.0 ;
    %pushi/vec4 0, 0, 32;
    %assign/vec4 v00000269b88e2a60_0, 0;
    %pushi/vec4 0, 0, 32;
    %assign/vec4 v00000269b88e2b00_0, 0;
T_0.1 ;
    %load/vec4 v00000269b876bd20_0;
    %cmpi/u 31, 0, 5;
    %flag_or 5, 4;
    %flag_get/vec4 5;
    %jmp/0 T_0.5, 5;
    %load/vec4 v00000269b876bc80_0;
    %pushi/vec4 1, 0, 1;
    %cmp/e;
    %flag_get/vec4 4;
    %and;
T_0.5;
    %flag_set/vec4 8;
    %jmp/0xz  T_0.3, 8;
    %load/vec4 v00000269b88e29c0_0;
    %ix/load 5, 0, 0;
    %load/vec4 v00000269b876bd20_0;
    %pad/u 10;
    %muli 32, 0, 10;
    %ix/vec4 4;
    %assign/vec4/off/d v00000269b876bdc0_0, 4, 5;
T_0.3 ;
    %jmp T_0;
    .thread T_0;
# The file index is used to find the file name in the following table.
:file_names 3;
    "N/A";
    "<interactive>";
    "proiect\register_file.v";
